<?xml version="1.0" encoding="UTF-8"?>
<testng-results skipped="0" failed="0" ignored="2" total="3" passed="1">
  <reporter-output>
  </reporter-output>
  <suite name="Manage account" duration-ms="22869" started-at="2019-01-23T17:06:03Z" finished-at="2019-01-23T17:06:26Z">
    <groups>
    </groups>
    <test name="Authorization" duration-ms="22869" started-at="2019-01-23T17:06:03Z" finished-at="2019-01-23T17:06:26Z">
      <class name="epam.cdp.tests.AuthorizationTest">
        <test-method status="PASS" signature="initWebDriver()[pri:0, instance:epam.cdp.tests.AuthorizationTest@640c216b]" name="initWebDriver" is-config="true" duration-ms="1539" started-at="2019-01-23T17:06:04Z" finished-at="2019-01-23T17:06:05Z">
          <reporter-output>
          </reporter-output>
        </test-method> <!-- initWebDriver -->
        <test-method status="PASS" signature="userShouldBeAbleToLogin(java.lang.String, java.lang.String)[pri:0, instance:epam.cdp.tests.AuthorizationTest@640c216b]" name="userShouldBeAbleToLogin" duration-ms="18747" started-at="2019-01-23T17:06:05Z" description="Verify user is able to login" finished-at="2019-01-23T17:06:24Z">
          <params>
            <param index="0">
              <value>
                <![CDATA[test.selenium.yakush@gmail.com]]>
              </value>
            </param>
            <param index="1">
              <value>
                <![CDATA[testyakush]]>
              </value>
            </param>
          </params>
          <reporter-output>
          </reporter-output>
        </test-method> <!-- userShouldBeAbleToLogin -->
        <test-method status="PASS" signature="clearSession()[pri:0, instance:epam.cdp.tests.AuthorizationTest@640c216b]" name="clearSession" is-config="true" duration-ms="1928" started-at="2019-01-23T17:06:24Z" finished-at="2019-01-23T17:06:26Z">
          <reporter-output>
          </reporter-output>
        </test-method> <!-- clearSession -->
        <test-method status="PASS" signature="tearDown()[pri:0, instance:epam.cdp.tests.AuthorizationTest@640c216b]" name="tearDown" is-config="true" duration-ms="1402" started-at="2019-01-23T17:06:26Z" finished-at="2019-01-23T17:06:27Z">
          <reporter-output>
          </reporter-output>
        </test-method> <!-- tearDown -->
      </class> <!-- epam.cdp.tests.AuthorizationTest -->
    </test> <!-- Authorization -->
  </suite> <!-- Manage account -->
</testng-results>
