<?xml version="1.0" encoding="UTF-8"?>
<!-- Generated by org.testng.reporters.JUnitXMLReporter -->
<testsuite hostname="EPUALVIW0637" ignored="2" name="Authorization" tests="1" failures="0" timestamp="23 січ. 2019 17:06:26 GMT" time="22.869" errors="0">
  <testcase name="userShouldBeAbleToLogin" time="18.747" classname="epam.cdp.tests.AuthorizationTest"/>
  <testcase name="userShouldBeAbleToLogout" time="0.0" classname="epam.cdp.tests.AuthorizationTest">
    <ignored/>
  </testcase> <!-- userShouldBeAbleToLogout -->
  <testcase name="testShouldBeFailed" time="0.0" classname="epam.cdp.tests.AuthorizationTest">
    <ignored/>
  </testcase> <!-- testShouldBeFailed -->
</testsuite> <!-- Authorization -->
